# JRE version: OpenJDK Runtime Environment (8.0_152) (build 1.8.0_152-release-1343-b16-5323222)
# Java VM: OpenJDK 64-Bit Server VM (25.152-b16-5323222 mixed mode linux-amd64 compressed oops)
Heap:
 PSYoungGen      total 410624K, used 0K [0x00000000e0000000, 0x00000000ff400000, 0x0000000100000000)
  eden space 348160K, 0% used [0x00000000e0000000,0x00000000e0000000,0x00000000f5400000)
  from space 62464K, 0% used [0x00000000f5400000,0x00000000f5400000,0x00000000f9100000)
  to   space 63488K, 0% used [0x00000000fb600000,0x00000000fb600000,0x00000000ff400000)
 ParOldGen       total 199168K, used 89482K [0x00000000a0000000, 0x00000000ac280000, 0x00000000e0000000)
  object space 199168K, 44% used [0x00000000a0000000,0x00000000a5762a78,0x00000000ac280000)
 Metaspace       used 90973K, capacity 94306K, committed 98380K, reserved 1134592K
  class space    used 11650K, capacity 12372K, committed 13056K, reserved 1048576K
GC Heap History (10 events):
Event: 434.793 GC heap after
Heap after GC invocations=18 (full 3):
 PSYoungGen      total 343040K, used 24971K [0x00000000e0000000, 0x00000000f9f80000, 0x0000000100000000)
  eden space 302592K, 0% used [0x00000000e0000000,0x00000000e0000000,0x00000000f2780000)
  from space 40448K, 61% used [0x00000000f2780000,0x00000000f3fe2ca8,0x00000000f4f00000)
  to   space 40448K, 0% used [0x00000000f7800000,0x00000000f7800000,0x00000000f9f80000)
 ParOldGen       total 199168K, used 68799K [0x00000000a0000000, 0x00000000ac280000, 0x00000000e0000000)
  object space 199168K, 34% used [0x00000000a0000000,0x00000000a432fc88,0x00000000ac280000)
 Metaspace       used 83167K, capacity 85946K, committed 85976K, reserved 1124352K
  class space    used 10812K, capacity 11492K, committed 11520K, reserved 1048576K
}
Event: 1325.029 GC heap before
{Heap before GC invocations=19 (full 3):
 PSYoungGen      total 343040K, used 327563K [0x00000000e0000000, 0x00000000f9f80000, 0x0000000100000000)
  eden space 302592K, 100% used [0x00000000e0000000,0x00000000f2780000,0x00000000f2780000)
  from space 40448K, 61% used [0x00000000f2780000,0x00000000f3fe2ca8,0x00000000f4f00000)
  to   space 40448K, 0% used [0x00000000f7800000,0x00000000f7800000,0x00000000f9f80000)
 ParOldGen       total 199168K, used 68799K [0x00000000a0000000, 0x00000000ac280000, 0x00000000e0000000)
  object space 199168K, 34% used [0x00000000a0000000,0x00000000a432fc88,0x00000000ac280000)
 Metaspace       used 84389K, capacity 87504K, committed 87768K, reserved 1126400K
  class space    used 10926K, capacity 11659K, committed 11776K, reserved 1048576K
Event: 1325.079 GC heap after
Heap after GC invocations=19 (full 3):
 PSYoungGen      total 366592K, used 22732K [0x00000000e0000000, 0x00000000f9580000, 0x0000000100000000)
  eden space 336384K, 0% used [0x00000000e0000000,0x00000000e0000000,0x00000000f4880000)
  from space 30208K, 75% used [0x00000000f7800000,0x00000000f8e331c0,0x00000000f9580000)
  to   space 39424K, 0% used [0x00000000f4880000,0x00000000f4880000,0x00000000f6f00000)
 ParOldGen       total 199168K, used 68807K [0x00000000a0000000, 0x00000000ac280000, 0x00000000e0000000)
  object space 199168K, 34% used [0x00000000a0000000,0x00000000a4331c88,0x00000000ac280000)
 Metaspace       used 84389K, capacity 87504K, committed 87768K, reserved 1126400K
  class space    used 10926K, capacity 11659K, committed 11776K, reserved 1048576K
}
Event: 1328.789 GC heap before
{Heap before GC invocations=20 (full 3):
 PSYoungGen      total 366592K, used 359116K [0x00000000e0000000, 0x00000000f9580000, 0x0000000100000000)
  eden space 336384K, 100% used [0x00000000e0000000,0x00000000f4880000,0x00000000f4880000)
  from space 30208K, 75% used [0x00000000f7800000,0x00000000f8e331c0,0x00000000f9580000)
  to   space 39424K, 0% used [0x00000000f4880000,0x00000000f4880000,0x00000000f6f00000)
 ParOldGen       total 199168K, used 69255K [0x00000000a0000000, 0x00000000ac280000, 0x00000000e0000000)
  object space 199168K, 34% used [0x00000000a0000000,0x00000000a43a1e20,0x00000000ac280000)
 Metaspace       used 86054K, capacity 89204K, committed 89432K, reserved 1126400K
  class space    used 11099K, capacity 11851K, committed 11904K, reserved 1048576K
Event: 1328.854 GC heap after
Heap after GC invocations=20 (full 3):
 PSYoungGen      total 375808K, used 39395K [0x00000000e0000000, 0x00000000fbd80000, 0x0000000100000000)
  eden space 336384K, 0% used [0x00000000e0000000,0x00000000e0000000,0x00000000f4880000)
  from space 39424K, 99% used [0x00000000f4880000,0x00000000f6ef8fd8,0x00000000f6f00000)
  to   space 45568K, 0% used [0x00000000f9100000,0x00000000f9100000,0x00000000fbd80000)
 ParOldGen       total 199168K, used 71641K [0x00000000a0000000, 0x00000000ac280000, 0x00000000e0000000)
  object space 199168K, 35% used [0x00000000a0000000,0x00000000a45f66e8,0x00000000ac280000)
 Metaspace       used 86054K, capacity 89204K, committed 89432K, reserved 1126400K
  class space    used 11099K, capacity 11851K, committed 11904K, reserved 1048576K
}
Event: 1334.705 GC heap before
{Heap before GC invocations=21 (full 3):
 PSYoungGen      total 375808K, used 375779K [0x00000000e0000000, 0x00000000fbd80000, 0x0000000100000000)
  eden space 336384K, 100% used [0x00000000e0000000,0x00000000f4880000,0x00000000f4880000)
  from space 39424K, 99% used [0x00000000f4880000,0x00000000f6ef8fd8,0x00000000f6f00000)
  to   space 45568K, 0% used [0x00000000f9100000,0x00000000f9100000,0x00000000fbd80000)
 ParOldGen       total 199168K, used 71643K [0x00000000a0000000, 0x00000000ac280000, 0x00000000e0000000)
  object space 199168K, 35% used [0x00000000a0000000,0x00000000a45f6df0,0x00000000ac280000)
 Metaspace       used 93521K, capacity 97082K, committed 97368K, reserved 1134592K
  class space    used 12066K, capacity 12876K, committed 12928K, reserved 1048576K
Event: 1335.219 GC heap after
Heap after GC invocations=21 (full 3):
 PSYoungGen      total 393728K, used 45567K [0x00000000e0000000, 0x00000000fec00000, 0x0000000100000000)
  eden space 348160K, 0% used [0x00000000e0000000,0x00000000e0000000,0x00000000f5400000)
  from space 45568K, 99% used [0x00000000f9100000,0x00000000fbd7ffa0,0x00000000fbd80000)
  to   space 62464K, 0% used [0x00000000f5400000,0x00000000f5400000,0x00000000f9100000)
 ParOldGen       total 199168K, used 99368K [0x00000000a0000000, 0x00000000ac280000, 0x00000000e0000000)
  object space 199168K, 49% used [0x00000000a0000000,0x00000000a610a290,0x00000000ac280000)
 Metaspace       used 93521K, capacity 97082K, committed 97368K, reserved 1134592K
  class space    used 12066K, capacity 12876K, committed 12928K, reserved 1048576K
}
Event: 1618.729 GC heap before
{Heap before GC invocations=22 (full 3):
 PSYoungGen      total 393728K, used 245855K [0x00000000e0000000, 0x00000000fec00000, 0x0000000100000000)
  eden space 348160K, 57% used [0x00000000e0000000,0x00000000ec397d60,0x00000000f5400000)
  from space 45568K, 99% used [0x00000000f9100000,0x00000000fbd7ffa0,0x00000000fbd80000)
  to   space 62464K, 0% used [0x00000000f5400000,0x00000000f5400000,0x00000000f9100000)
 ParOldGen       total 199168K, used 99368K [0x00000000a0000000, 0x00000000ac280000, 0x00000000e0000000)
  object space 199168K, 49% used [0x00000000a0000000,0x00000000a610a290,0x00000000ac280000)
 Metaspace       used 94613K, capacity 98268K, committed 98380K, reserved 1134592K
  class space    used 12176K, capacity 13001K, committed 13056K, reserved 1048576K
Event: 1619.311 GC heap after
Heap after GC invocations=22 (full 3):
 PSYoungGen      total 410624K, used 39243K [0x00000000e0000000, 0x00000000ff400000, 0x0000000100000000)
  eden space 348160K, 0% used [0x00000000e0000000,0x00000000e0000000,0x00000000f5400000)
  from space 62464K, 62% used [0x00000000f5400000,0x00000000f7a52db8,0x00000000f9100000)
  to   space 63488K, 0% used [0x00000000fb600000,0x00000000fb600000,0x00000000ff400000)
 ParOldGen       total 199168K, used 99824K [0x00000000a0000000, 0x00000000ac280000, 0x00000000e0000000)
  object space 199168K, 50% used [0x00000000a0000000,0x00000000a617c2b0,0x00000000ac280000)
 Metaspace       used 94613K, capacity 98268K, committed 98380K, reserved 1134592K
  class space    used 12176K, capacity 13001K, committed 13056K, reserved 1048576K
}
Event: 1619.378 GC heap before
{Heap before GC invocations=23 (full 4):
 PSYoungGen      total 410624K, used 39243K [0x00000000e0000000, 0x00000000ff400000, 0x0000000100000000)
  eden space 348160K, 0% used [0x00000000e0000000,0x00000000e0000000,0x00000000f5400000)
  from space 62464K, 62% used [0x00000000f5400000,0x00000000f7a52db8,0x00000000f9100000)
  to   space 63488K, 0% used [0x00000000fb600000,0x00000000fb600000,0x00000000ff400000)
 ParOldGen       total 199168K, used 99824K [0x00000000a0000000, 0x00000000ac280000, 0x00000000e0000000)
  object space 199168K, 50% used [0x00000000a0000000,0x00000000a617c2b0,0x00000000ac280000)
 Metaspace       used 94613K, capacity 98268K, committed 98380K, reserved 1134592K
  class space    used 12176K, capacity 13001K, committed 13056K, reserved 1048576K

