# JRE version: OpenJDK Runtime Environment (8.0_152) (build 1.8.0_152-release-1343-b16-5323222)
# Java VM: OpenJDK 64-Bit Server VM (25.152-b16-5323222 mixed mode linux-amd64 compressed oops)
Heap:
 PSYoungGen      total 406016K, used 41441K [0x00000000e0000000, 0x00000000fb500000, 0x0000000100000000)
  eden space 364544K, 0% used [0x00000000e0000000,0x00000000e0000000,0x00000000f6400000)
  from space 41472K, 99% used [0x00000000f6400000,0x00000000f8c78720,0x00000000f8c80000)
  to   space 37376K, 0% used [0x00000000f9080000,0x00000000f9080000,0x00000000fb500000)
 ParOldGen       total 187904K, used 167273K [0x00000000a0000000, 0x00000000ab780000, 0x00000000e0000000)
  object space 187904K, 89% used [0x00000000a0000000,0x00000000aa35a420,0x00000000ab780000)
 Metaspace       used 81937K, capacity 85226K, committed 85400K, reserved 1122304K
  class space    used 10845K, capacity 11598K, committed 11696K, reserved 1048576K
GC Heap History (10 events):
Event: 12.846 GC heap after
Heap after GC invocations=13 (full 3):
 PSYoungGen      total 247296K, used 16102K [0x00000000e0000000, 0x00000000f1080000, 0x0000000100000000)
  eden space 230912K, 0% used [0x00000000e0000000,0x00000000e0000000,0x00000000ee180000)
  from space 16384K, 98% used [0x00000000f0080000,0x00000000f1039b30,0x00000000f1080000)
  to   space 23552K, 0% used [0x00000000ee280000,0x00000000ee280000,0x00000000ef980000)
 ParOldGen       total 187904K, used 31245K [0x00000000a0000000, 0x00000000ab780000, 0x00000000e0000000)
  object space 187904K, 16% used [0x00000000a0000000,0x00000000a1e83428,0x00000000ab780000)
 Metaspace       used 62810K, capacity 64862K, committed 64920K, reserved 1105920K
  class space    used 8553K, capacity 9113K, committed 9136K, reserved 1048576K
}
Event: 17.652 GC heap before
{Heap before GC invocations=14 (full 3):
 PSYoungGen      total 247296K, used 247014K [0x00000000e0000000, 0x00000000f1080000, 0x0000000100000000)
  eden space 230912K, 100% used [0x00000000e0000000,0x00000000ee180000,0x00000000ee180000)
  from space 16384K, 98% used [0x00000000f0080000,0x00000000f1039b30,0x00000000f1080000)
  to   space 23552K, 0% used [0x00000000ee280000,0x00000000ee280000,0x00000000ef980000)
 ParOldGen       total 187904K, used 31245K [0x00000000a0000000, 0x00000000ab780000, 0x00000000e0000000)
  object space 187904K, 16% used [0x00000000a0000000,0x00000000a1e83428,0x00000000ab780000)
 Metaspace       used 69606K, capacity 71922K, committed 72216K, reserved 1112064K
  class space    used 9383K, capacity 9956K, committed 10032K, reserved 1048576K
Event: 17.693 GC heap after
Heap after GC invocations=14 (full 3):
 PSYoungGen      total 255488K, used 23548K [0x00000000e0000000, 0x00000000f5700000, 0x0000000100000000)
  eden space 231936K, 0% used [0x00000000e0000000,0x00000000e0000000,0x00000000ee280000)
  from space 23552K, 99% used [0x00000000ee280000,0x00000000ef97f0b0,0x00000000ef980000)
  to   space 29696K, 0% used [0x00000000f3a00000,0x00000000f3a00000,0x00000000f5700000)
 ParOldGen       total 187904K, used 40082K [0x00000000a0000000, 0x00000000ab780000, 0x00000000e0000000)
  object space 187904K, 21% used [0x00000000a0000000,0x00000000a2724b68,0x00000000ab780000)
 Metaspace       used 69606K, capacity 71922K, committed 72216K, reserved 1112064K
  class space    used 9383K, capacity 9956K, committed 10032K, reserved 1048576K
}
Event: 18.948 GC heap before
{Heap before GC invocations=15 (full 3):
 PSYoungGen      total 255488K, used 255484K [0x00000000e0000000, 0x00000000f5700000, 0x0000000100000000)
  eden space 231936K, 100% used [0x00000000e0000000,0x00000000ee280000,0x00000000ee280000)
  from space 23552K, 99% used [0x00000000ee280000,0x00000000ef97f0b0,0x00000000ef980000)
  to   space 29696K, 0% used [0x00000000f3a00000,0x00000000f3a00000,0x00000000f5700000)
 ParOldGen       total 187904K, used 40105K [0x00000000a0000000, 0x00000000ab780000, 0x00000000e0000000)
  object space 187904K, 21% used [0x00000000a0000000,0x00000000a272a680,0x00000000ab780000)
 Metaspace       used 70600K, capacity 72964K, committed 73112K, reserved 1112064K
  class space    used 9490K, capacity 10079K, committed 10160K, reserved 1048576K
Event: 19.048 GC heap after
Heap after GC invocations=15 (full 3):
 PSYoungGen      total 317440K, used 29661K [0x00000000e0000000, 0x00000000f6900000, 0x0000000100000000)
  eden space 287744K, 0% used [0x00000000e0000000,0x00000000e0000000,0x00000000f1900000)
  from space 29696K, 99% used [0x00000000f3a00000,0x00000000f56f7760,0x00000000f5700000)
  to   space 33792K, 0% used [0x00000000f1900000,0x00000000f1900000,0x00000000f3a00000)
 ParOldGen       total 187904K, used 63279K [0x00000000a0000000, 0x00000000ab780000, 0x00000000e0000000)
  object space 187904K, 33% used [0x00000000a0000000,0x00000000a3dcbf18,0x00000000ab780000)
 Metaspace       used 70600K, capacity 72964K, committed 73112K, reserved 1112064K
  class space    used 9490K, capacity 10079K, committed 10160K, reserved 1048576K
}
Event: 22.740 GC heap before
{Heap before GC invocations=16 (full 3):
 PSYoungGen      total 317440K, used 317405K [0x00000000e0000000, 0x00000000f6900000, 0x0000000100000000)
  eden space 287744K, 100% used [0x00000000e0000000,0x00000000f1900000,0x00000000f1900000)
  from space 29696K, 99% used [0x00000000f3a00000,0x00000000f56f7760,0x00000000f5700000)
  to   space 33792K, 0% used [0x00000000f1900000,0x00000000f1900000,0x00000000f3a00000)
 ParOldGen       total 187904K, used 63281K [0x00000000a0000000, 0x00000000ab780000, 0x00000000e0000000)
  object space 187904K, 33% used [0x00000000a0000000,0x00000000a3dcc6f8,0x00000000ab780000)
 Metaspace       used 78789K, capacity 81746K, committed 81944K, reserved 1120256K
  class space    used 10522K, capacity 11244K, committed 11312K, reserved 1048576K
Event: 22.804 GC heap after
Heap after GC invocations=16 (full 3):
 PSYoungGen      total 321536K, used 33780K [0x00000000e0000000, 0x00000000fba00000, 0x0000000100000000)
  eden space 287744K, 0% used [0x00000000e0000000,0x00000000e0000000,0x00000000f1900000)
  from space 33792K, 99% used [0x00000000f1900000,0x00000000f39fd010,0x00000000f3a00000)
  to   space 42496K, 0% used [0x00000000f9080000,0x00000000f9080000,0x00000000fba00000)
 ParOldGen       total 187904K, used 73967K [0x00000000a0000000, 0x00000000ab780000, 0x00000000e0000000)
  object space 187904K, 39% used [0x00000000a0000000,0x00000000a483be40,0x00000000ab780000)
 Metaspace       used 78789K, capacity 81746K, committed 81944K, reserved 1120256K
  class space    used 10522K, capacity 11244K, committed 11312K, reserved 1048576K
}
Event: 25.848 GC heap before
{Heap before GC invocations=17 (full 3):
 PSYoungGen      total 321536K, used 321524K [0x00000000e0000000, 0x00000000fba00000, 0x0000000100000000)
  eden space 287744K, 100% used [0x00000000e0000000,0x00000000f1900000,0x00000000f1900000)
  from space 33792K, 99% used [0x00000000f1900000,0x00000000f39fd010,0x00000000f3a00000)
  to   space 42496K, 0% used [0x00000000f9080000,0x00000000f9080000,0x00000000fba00000)
 ParOldGen       total 187904K, used 73967K [0x00000000a0000000, 0x00000000ab780000, 0x00000000e0000000)
  object space 187904K, 39% used [0x00000000a0000000,0x00000000a483be40,0x00000000ab780000)
 Metaspace       used 81088K, capacity 84328K, committed 84504K, reserved 1122304K
  class space    used 10760K, capacity 11511K, committed 11568K, reserved 1048576K
Event: 25.930 GC heap after
Heap after GC invocations=17 (full 3):
 PSYoungGen      total 401920K, used 12141K [0x00000000e0000000, 0x00000000fb500000, 0x0000000100000000)
  eden space 364544K, 0% used [0x00000000e0000000,0x00000000e0000000,0x00000000f6400000)
  from space 37376K, 32% used [0x00000000f9080000,0x00000000f9c5b650,0x00000000fb500000)
  to   space 41472K, 0% used [0x00000000f6400000,0x00000000f6400000,0x00000000f8c80000)
 ParOldGen       total 187904K, used 94100K [0x00000000a0000000, 0x00000000ab780000, 0x00000000e0000000)
  object space 187904K, 50% used [0x00000000a0000000,0x00000000a5be5138,0x00000000ab780000)
 Metaspace       used 81088K, capacity 84328K, committed 84504K, reserved 1122304K
  class space    used 10760K, capacity 11511K, committed 11568K, reserved 1048576K
}
Event: 27.640 GC heap before
{Heap before GC invocations=18 (full 3):
 PSYoungGen      total 401920K, used 376685K [0x00000000e0000000, 0x00000000fb500000, 0x0000000100000000)
  eden space 364544K, 100% used [0x00000000e0000000,0x00000000f6400000,0x00000000f6400000)
  from space 37376K, 32% used [0x00000000f9080000,0x00000000f9c5b650,0x00000000fb500000)
  to   space 41472K, 0% used [0x00000000f6400000,0x00000000f6400000,0x00000000f8c80000)
 ParOldGen       total 187904K, used 94100K [0x00000000a0000000, 0x00000000ab780000, 0x00000000e0000000)
  object space 187904K, 50% used [0x00000000a0000000,0x00000000a5be5138,0x00000000ab780000)
 Metaspace       used 81937K, capacity 85226K, committed 85400K, reserved 1122304K
  class space    used 10845K, capacity 11598K, committed 11696K, reserved 1048576K

